RESTORE CHATROOM: lobby
RESTORE CHATROOM: staff
Worker 1 now listening on 0.0.0.0:8000
Test your server at http://localhost:8000
node : 
At line:1 char:1
+ node 
pokemon-showdown 8000 
> server_boot.log 2>&1
+ ~~~~~~~~~~~~~~~~~~~~~
~~~~~~~~~~~~~~~~~~~~~~~
~~~~~
    + CategoryInfo     
         : NotSpecifi  
  ed: (:String) [],    
 RemoteException
    + FullyQualifiedEr 
   rorId : NativeComm  
  andError
 
[1771989621269] CRASH: 
Error: bind EADDRINUSE 
0.0.0.0:8000
    at 
listenOnPrimaryHandle 
(node:net:2021:18)
    at shared (node:int
ernal/cluster/child:157
:3)
    at 
Worker.<anonymous> (nod
e:internal/cluster/chil
d:110:7)
    at process.onIntern
alMessage (node:interna
l/cluster/utils:49:5)
    at process.emit 
(node:events:520:35)
    at process.emit 
(node:domain:489:12)
    at emit (node:inter
nal/child_process:949:1
4)
    at process.processT
icksAndRejections (node
:internal/process/task_
queues:90:21)

